2026-02-09 12:25:28,317 | ERROR | Thread ID: a5791774-9766-47e6-9d35-252610f89442 | Error: 'str' object has no attribute 'metadata'
Traceback (most recent call last):
  File "C:\Users\COB\Documents\python project\Insight_AI\app.py", line 68, in <module>
    result = invoke_with_timeout(
        graph=graph,
    ...<2 lines>...
        timeout=REQUEST_TIMEOUT_SECONDS
    )
  File "C:\Users\COB\Documents\python project\Insight_AI\app.py", line 52, in invoke_with_timeout
    return future.result(timeout=timeout)
           ~~~~~~~~~~~~~^^^^^^^^^^^^^^^^^
  File "C:\Users\COB\AppData\Local\Programs\Python\Python313\Lib\concurrent\futures\_base.py", line 456, in result
    return self.__get_result()
           ~~~~~~~~~~~~~~~~~^^
  File "C:\Users\COB\AppData\Local\Programs\Python\Python313\Lib\concurrent\futures\_base.py", line 401, in __get_result
    raise self._exception
  File "C:\Users\COB\AppData\Local\Programs\Python\Python313\Lib\concurrent\futures\thread.py", line 59, in run
    result = self.fn(*self.args, **self.kwargs)
  File "c:\Users\COB\Documents\python project\.venv\Lib\site-packages\langgraph\pregel\main.py", line 3071, in invoke
    for chunk in self.stream(
                 ~~~~~~~~~~~^
        input,
        ^^^^^^
    ...<10 lines>...
        **kwargs,
        ^^^^^^^^^
    ):
    ^
  File "c:\Users\COB\Documents\python project\.venv\Lib\site-packages\langgraph\pregel\main.py", line 2646, in stream
    for _ in runner.tick(
             ~~~~~~~~~~~^
        [t for t in loop.tasks.values() if not t.writes],
        ^^^^^^^^^^^^^^^^^^^^^^^^^^^^^^^^^^^^^^^^^^^^^^^^^
    ...<2 lines>...
        schedule_task=loop.accept_push,
        ^^^^^^^^^^^^^^^^^^^^^^^^^^^^^^^
    ):
    ^
  File "c:\Users\COB\Documents\python project\.venv\Lib\site-packages\langgraph\pregel\_runner.py", line 167, in tick
    run_with_retry(
    ~~~~~~~~~~~~~~^
        t,
        ^^
    ...<10 lines>...
        },
        ^^
    )
    ^
  File "c:\Users\COB\Documents\python project\.venv\Lib\site-packages\langgraph\pregel\_retry.py", line 42, in run_with_retry
    return task.proc.invoke(task.input, config)
           ~~~~~~~~~~~~~~~~^^^^^^^^^^^^^^^^^^^^
  File "c:\Users\COB\Documents\python project\.venv\Lib\site-packages\langgraph\_internal\_runnable.py", line 656, in invoke
    input = context.run(step.invoke, input, config, **kwargs)
  File "c:\Users\COB\Documents\python project\.venv\Lib\site-packages\langgraph\_internal\_runnable.py", line 400, in invoke
    ret = self.func(*args, **kwargs)
  File "C:\Users\COB\Documents\python project\Insight_AI\graph_model.py", line 84, in generate_answer
    source = doc.metadata.get("source", "Unknown Source")
             ^^^^^^^^^^^^
AttributeError: 'str' object has no attribute 'metadata'
During task with name 'generate_answer' and id '5e31818f-c6e5-65d5-01b8-70474bee0432'
2026-02-09 13:17:17,806 | WARNING | Retrying (JitterRetry(total=4, connect=None, read=None, redirect=None, status=None)) after connection broken by 'RemoteDisconnected('Remote end closed connection without response')': /query
2026-02-09 13:30:10,853 | ERROR | Thread ID: b2f83381-35f2-46d5-b41e-4556994693b8 | TIMEOUT | LLM request timed out
2026-02-09 13:47:22,935 | ERROR | Thread ID: 78b616fa-283f-4239-89bc-8880331336ed | TIMEOUT | LLM request timed out
2026-02-09 13:49:03,603 | ERROR | Thread ID: 78b616fa-283f-4239-89bc-8880331336ed | Error: Failed to connect. Probable cause: Unknown
Traceback (most recent call last):
  File "c:\Users\COB\Documents\python project\.venv\Lib\site-packages\urllib3\connectionpool.py", line 464, in _make_request
    self._validate_conn(conn)
    ~~~~~~~~~~~~~~~~~~~^^^^^^
  File "c:\Users\COB\Documents\python project\.venv\Lib\site-packages\urllib3\connectionpool.py", line 1093, in _validate_conn
    conn.connect()
    ~~~~~~~~~~~~^^
  File "c:\Users\COB\Documents\python project\.venv\Lib\site-packages\urllib3\connection.py", line 741, in connect
    sock_and_verified = _ssl_wrap_socket_and_match_hostname(
        sock=sock,
    ...<14 lines>...
        assert_fingerprint=self.assert_fingerprint,
    )
  File "c:\Users\COB\Documents\python project\.venv\Lib\site-packages\urllib3\connection.py", line 920, in _ssl_wrap_socket_and_match_hostname
    ssl_sock = ssl_wrap_socket(
        sock=sock,
    ...<8 lines>...
        tls_in_tls=tls_in_tls,
    )
  File "c:\Users\COB\Documents\python project\.venv\Lib\site-packages\urllib3\util\ssl_.py", line 460, in ssl_wrap_socket
    ssl_sock = _ssl_wrap_socket_impl(sock, context, tls_in_tls, server_hostname)
  File "c:\Users\COB\Documents\python project\.venv\Lib\site-packages\urllib3\util\ssl_.py", line 504, in _ssl_wrap_socket_impl
    return ssl_context.wrap_socket(sock, server_hostname=server_hostname)
           ~~~~~~~~~~~~~~~~~~~~~~~^^^^^^^^^^^^^^^^^^^^^^^^^^^^^^^^^^^^^^^
  File "C:\Users\COB\AppData\Local\Programs\Python\Python313\Lib\ssl.py", line 455, in wrap_socket
    return self.sslsocket_class._create(
           ~~~~~~~~~~~~~~~~~~~~~~~~~~~~^
        sock=sock,
        ^^^^^^^^^^
    ...<5 lines>...
        session=session
        ^^^^^^^^^^^^^^^
    )
    ^
  File "C:\Users\COB\AppData\Local\Programs\Python\Python313\Lib\ssl.py", line 1076, in _create
    self.do_handshake()
    ~~~~~~~~~~~~~~~~~^^
  File "C:\Users\COB\AppData\Local\Programs\Python\Python313\Lib\ssl.py", line 1372, in do_handshake
    self._sslobj.do_handshake()
    ~~~~~~~~~~~~~~~~~~~~~~~~~^^
ssl.SSLEOFError: [SSL: UNEXPECTED_EOF_WHILE_READING] EOF occurred in violation of protocol (_ssl.c:1032)

During handling of the above exception, another exception occurred:

Traceback (most recent call last):
  File "c:\Users\COB\Documents\python project\.venv\Lib\site-packages\urllib3\connectionpool.py", line 787, in urlopen
    response = self._make_request(
        conn,
    ...<10 lines>...
        **response_kw,
    )
  File "c:\Users\COB\Documents\python project\.venv\Lib\site-packages\urllib3\connectionpool.py", line 488, in _make_request
    raise new_e
urllib3.exceptions.SSLError: [SSL: UNEXPECTED_EOF_WHILE_READING] EOF occurred in violation of protocol (_ssl.c:1032)

The above exception was the direct cause of the following exception:

Traceback (most recent call last):
  File "c:\Users\COB\Documents\python project\.venv\Lib\site-packages\requests\adapters.py", line 644, in send
    resp = conn.urlopen(
        method=request.method,
    ...<9 lines>...
        chunked=chunked,
    )
  File "c:\Users\COB\Documents\python project\.venv\Lib\site-packages\urllib3\connectionpool.py", line 841, in urlopen
    retries = retries.increment(
        method, url, error=new_e, _pool=self, _stacktrace=sys.exc_info()[2]
    )
  File "c:\Users\COB\Documents\python project\.venv\Lib\site-packages\urllib3\util\retry.py", line 519, in increment
    raise MaxRetryError(_pool, url, reason) from reason  # type: ignore[arg-type]
    ^^^^^^^^^^^^^^^^^^^^^^^^^^^^^^^^^^^^^^^^^^^^^^^^^^^
urllib3.exceptions.MaxRetryError: HTTPSConnectionPool(host='translate.google.com', port=443): Max retries exceeded with url: /_/TranslateWebserverUi/data/batchexecute (Caused by SSLError(SSLEOFError(8, '[SSL: UNEXPECTED_EOF_WHILE_READING] EOF occurred in violation of protocol (_ssl.c:1032)')))

During handling of the above exception, another exception occurred:

Traceback (most recent call last):
  File "c:\Users\COB\Documents\python project\.venv\Lib\site-packages\gtts\tts.py", line 268, in stream
    r = s.send(
        request=pr,
    ...<2 lines>...
        timeout=self.timeout,
    )
  File "c:\Users\COB\Documents\python project\.venv\Lib\site-packages\requests\sessions.py", line 703, in send
    r = adapter.send(request, **kwargs)
  File "c:\Users\COB\Documents\python project\.venv\Lib\site-packages\requests\adapters.py", line 675, in send
    raise SSLError(e, request=request)
requests.exceptions.SSLError: HTTPSConnectionPool(host='translate.google.com', port=443): Max retries exceeded with url: /_/TranslateWebserverUi/data/batchexecute (Caused by SSLError(SSLEOFError(8, '[SSL: UNEXPECTED_EOF_WHILE_READING] EOF occurred in violation of protocol (_ssl.c:1032)')))

During handling of the above exception, another exception occurred:

Traceback (most recent call last):
  File "C:\Users\COB\Documents\python project\Insight_AI\pages\chat.py", line 95, in <module>
    tts.save(tmp_file.name)
    ~~~~~~~~^^^^^^^^^^^^^^^
  File "c:\Users\COB\Documents\python project\.venv\Lib\site-packages\gtts\tts.py", line 335, in save
    self.write_to_fp(f)
    ~~~~~~~~~~~~~~~~^^^
  File "c:\Users\COB\Documents\python project\.venv\Lib\site-packages\gtts\tts.py", line 316, in write_to_fp
    for idx, decoded in enumerate(self.stream()):
                        ~~~~~~~~~^^^^^^^^^^^^^^^
  File "c:\Users\COB\Documents\python project\.venv\Lib\site-packages\gtts\tts.py", line 287, in stream
    raise gTTSError(tts=self)
gtts.tts.gTTSError: Failed to connect. Probable cause: Unknown
2026-02-09 13:53:50,778 | ERROR | Thread ID: e60b070d-d044-4fac-be89-75b71a5e991e | Error: Failed to connect. Probable cause: Unknown
Traceback (most recent call last):
  File "c:\Users\COB\Documents\python project\.venv\Lib\site-packages\urllib3\connectionpool.py", line 787, in urlopen
    response = self._make_request(
        conn,
    ...<10 lines>...
        **response_kw,
    )
  File "c:\Users\COB\Documents\python project\.venv\Lib\site-packages\urllib3\connectionpool.py", line 534, in _make_request
    response = conn.getresponse()
  File "c:\Users\COB\Documents\python project\.venv\Lib\site-packages\urllib3\connection.py", line 516, in getresponse
    httplib_response = super().getresponse()
  File "C:\Users\COB\AppData\Local\Programs\Python\Python313\Lib\http\client.py", line 1450, in getresponse
    response.begin()
    ~~~~~~~~~~~~~~^^
  File "C:\Users\COB\AppData\Local\Programs\Python\Python313\Lib\http\client.py", line 336, in begin
    version, status, reason = self._read_status()
                              ~~~~~~~~~~~~~~~~~^^
  File "C:\Users\COB\AppData\Local\Programs\Python\Python313\Lib\http\client.py", line 305, in _read_status
    raise RemoteDisconnected("Remote end closed connection without"
                             " response")
http.client.RemoteDisconnected: Remote end closed connection without response

During handling of the above exception, another exception occurred:

Traceback (most recent call last):
  File "c:\Users\COB\Documents\python project\.venv\Lib\site-packages\requests\adapters.py", line 644, in send
    resp = conn.urlopen(
        method=request.method,
    ...<9 lines>...
        chunked=chunked,
    )
  File "c:\Users\COB\Documents\python project\.venv\Lib\site-packages\urllib3\connectionpool.py", line 841, in urlopen
    retries = retries.increment(
        method, url, error=new_e, _pool=self, _stacktrace=sys.exc_info()[2]
    )
  File "c:\Users\COB\Documents\python project\.venv\Lib\site-packages\urllib3\util\retry.py", line 474, in increment
    raise reraise(type(error), error, _stacktrace)
          ~~~~~~~^^^^^^^^^^^^^^^^^^^^^^^^^^^^^^^^^
  File "c:\Users\COB\Documents\python project\.venv\Lib\site-packages\urllib3\util\util.py", line 38, in reraise
    raise value.with_traceback(tb)
  File "c:\Users\COB\Documents\python project\.venv\Lib\site-packages\urllib3\connectionpool.py", line 787, in urlopen
    response = self._make_request(
        conn,
    ...<10 lines>...
        **response_kw,
    )
  File "c:\Users\COB\Documents\python project\.venv\Lib\site-packages\urllib3\connectionpool.py", line 534, in _make_request
    response = conn.getresponse()
  File "c:\Users\COB\Documents\python project\.venv\Lib\site-packages\urllib3\connection.py", line 516, in getresponse
    httplib_response = super().getresponse()
  File "C:\Users\COB\AppData\Local\Programs\Python\Python313\Lib\http\client.py", line 1450, in getresponse
    response.begin()
    ~~~~~~~~~~~~~~^^
  File "C:\Users\COB\AppData\Local\Programs\Python\Python313\Lib\http\client.py", line 336, in begin
    version, status, reason = self._read_status()
                              ~~~~~~~~~~~~~~~~~^^
  File "C:\Users\COB\AppData\Local\Programs\Python\Python313\Lib\http\client.py", line 305, in _read_status
    raise RemoteDisconnected("Remote end closed connection without"
                             " response")
urllib3.exceptions.ProtocolError: ('Connection aborted.', RemoteDisconnected('Remote end closed connection without response'))

During handling of the above exception, another exception occurred:

Traceback (most recent call last):
  File "c:\Users\COB\Documents\python project\.venv\Lib\site-packages\gtts\tts.py", line 268, in stream
    r = s.send(
        request=pr,
    ...<2 lines>...
        timeout=self.timeout,
    )
  File "c:\Users\COB\Documents\python project\.venv\Lib\site-packages\requests\sessions.py", line 703, in send
    r = adapter.send(request, **kwargs)
  File "c:\Users\COB\Documents\python project\.venv\Lib\site-packages\requests\adapters.py", line 659, in send
    raise ConnectionError(err, request=request)
requests.exceptions.ConnectionError: ('Connection aborted.', RemoteDisconnected('Remote end closed connection without response'))

During handling of the above exception, another exception occurred:

Traceback (most recent call last):
  File "C:\Users\COB\Documents\python project\Insight_AI\pages\chat.py", line 95, in <module>
    tts.save(tmp_file.name)
    ~~~~~~~~^^^^^^^^^^^^^^^
  File "c:\Users\COB\Documents\python project\.venv\Lib\site-packages\gtts\tts.py", line 335, in save
    self.write_to_fp(f)
    ~~~~~~~~~~~~~~~~^^^
  File "c:\Users\COB\Documents\python project\.venv\Lib\site-packages\gtts\tts.py", line 316, in write_to_fp
    for idx, decoded in enumerate(self.stream()):
                        ~~~~~~~~~^^^^^^^^^^^^^^^
  File "c:\Users\COB\Documents\python project\.venv\Lib\site-packages\gtts\tts.py", line 287, in stream
    raise gTTSError(tts=self)
gtts.tts.gTTSError: Failed to connect. Probable cause: Unknown
2026-02-09 13:59:08,588 | ERROR | Thread ID: 996b1fa6-e891-4e47-8d7a-aac1d51887d5 | Error: Error embedding content: [Errno 11001] getaddrinfo failed
Traceback (most recent call last):
  File "c:\Users\COB\Documents\python project\.venv\Lib\site-packages\httpx\_transports\default.py", line 101, in map_httpcore_exceptions
    yield
  File "c:\Users\COB\Documents\python project\.venv\Lib\site-packages\httpx\_transports\default.py", line 250, in handle_request
    resp = self._pool.handle_request(req)
  File "c:\Users\COB\Documents\python project\.venv\Lib\site-packages\httpcore\_sync\connection_pool.py", line 256, in handle_request
    raise exc from None
  File "c:\Users\COB\Documents\python project\.venv\Lib\site-packages\httpcore\_sync\connection_pool.py", line 236, in handle_request
    response = connection.handle_request(
        pool_request.request
    )
  File "c:\Users\COB\Documents\python project\.venv\Lib\site-packages\httpcore\_sync\connection.py", line 101, in handle_request
    raise exc
  File "c:\Users\COB\Documents\python project\.venv\Lib\site-packages\httpcore\_sync\connection.py", line 78, in handle_request
    stream = self._connect(request)
  File "c:\Users\COB\Documents\python project\.venv\Lib\site-packages\httpcore\_sync\connection.py", line 124, in _connect
    stream = self._network_backend.connect_tcp(**kwargs)
  File "c:\Users\COB\Documents\python project\.venv\Lib\site-packages\httpcore\_backends\sync.py", line 207, in connect_tcp
    with map_exceptions(exc_map):
         ~~~~~~~~~~~~~~^^^^^^^^^
  File "C:\Users\COB\AppData\Local\Programs\Python\Python313\Lib\contextlib.py", line 162, in __exit__
    self.gen.throw(value)
    ~~~~~~~~~~~~~~^^^^^^^
  File "c:\Users\COB\Documents\python project\.venv\Lib\site-packages\httpcore\_exceptions.py", line 14, in map_exceptions
    raise to_exc(exc) from exc
httpcore.ConnectError: [Errno 11001] getaddrinfo failed

The above exception was the direct cause of the following exception:

Traceback (most recent call last):
  File "c:\Users\COB\Documents\python project\.venv\Lib\site-packages\langchain_google_genai\embeddings.py", line 480, in embed_query
    result = self.client.models.embed_content(
        model=self.model,
        contents=text,
        config=config,
    )
  File "c:\Users\COB\Documents\python project\.venv\Lib\site-packages\google\genai\models.py", line 4167, in embed_content
    response = self._api_client.request(
        'post', path, request_dict, http_options
    )
  File "c:\Users\COB\Documents\python project\.venv\Lib\site-packages\google\genai\_api_client.py", line 1388, in request
    response = self._request(http_request, http_options, stream=False)
  File "c:\Users\COB\Documents\python project\.venv\Lib\site-packages\google\genai\_api_client.py", line 1224, in _request
    return self._retry(self._request_once, http_request, stream)  # type: ignore[no-any-return]
           ~~~~~~~~~~~^^^^^^^^^^^^^^^^^^^^^^^^^^^^^^^^^^^^^^^^^^
  File "c:\Users\COB\Documents\python project\.venv\Lib\site-packages\tenacity\__init__.py", line 477, in __call__
    do = self.iter(retry_state=retry_state)
  File "c:\Users\COB\Documents\python project\.venv\Lib\site-packages\tenacity\__init__.py", line 378, in iter
    result = action(retry_state)
  File "c:\Users\COB\Documents\python project\.venv\Lib\site-packages\tenacity\__init__.py", line 420, in exc_check
    raise retry_exc.reraise()
          ~~~~~~~~~~~~~~~~~^^
  File "c:\Users\COB\Documents\python project\.venv\Lib\site-packages\tenacity\__init__.py", line 187, in reraise
    raise self.last_attempt.result()
          ~~~~~~~~~~~~~~~~~~~~~~~~^^
  File "C:\Users\COB\AppData\Local\Programs\Python\Python313\Lib\concurrent\futures\_base.py", line 449, in result
    return self.__get_result()
           ~~~~~~~~~~~~~~~~~^^
  File "C:\Users\COB\AppData\Local\Programs\Python\Python313\Lib\concurrent\futures\_base.py", line 401, in __get_result
    raise self._exception
  File "c:\Users\COB\Documents\python project\.venv\Lib\site-packages\tenacity\__init__.py", line 480, in __call__
    result = fn(*args, **kwargs)
  File "c:\Users\COB\Documents\python project\.venv\Lib\site-packages\google\genai\_api_client.py", line 1194, in _request_once
    response = self._httpx_client.request(
        method=http_request.method,
    ...<3 lines>...
        timeout=http_request.timeout,
    )
  File "c:\Users\COB\Documents\python project\.venv\Lib\site-packages\httpx\_client.py", line 825, in request
    return self.send(request, auth=auth, follow_redirects=follow_redirects)
           ~~~~~~~~~^^^^^^^^^^^^^^^^^^^^^^^^^^^^^^^^^^^^^^^^^^^^^^^^^^^^^^^
  File "c:\Users\COB\Documents\python project\.venv\Lib\site-packages\httpx\_client.py", line 914, in send
    response = self._send_handling_auth(
        request,
    ...<2 lines>...
        history=[],
    )
  File "c:\Users\COB\Documents\python project\.venv\Lib\site-packages\httpx\_client.py", line 942, in _send_handling_auth
    response = self._send_handling_redirects(
        request,
        follow_redirects=follow_redirects,
        history=history,
    )
  File "c:\Users\COB\Documents\python project\.venv\Lib\site-packages\httpx\_client.py", line 979, in _send_handling_redirects
    response = self._send_single_request(request)
  File "c:\Users\COB\Documents\python project\.venv\Lib\site-packages\httpx\_client.py", line 1014, in _send_single_request
    response = transport.handle_request(request)
  File "c:\Users\COB\Documents\python project\.venv\Lib\site-packages\httpx\_transports\default.py", line 249, in handle_request
    with map_httpcore_exceptions():
         ~~~~~~~~~~~~~~~~~~~~~~~^^
  File "C:\Users\COB\AppData\Local\Programs\Python\Python313\Lib\contextlib.py", line 162, in __exit__
    self.gen.throw(value)
    ~~~~~~~~~~~~~~^^^^^^^
  File "c:\Users\COB\Documents\python project\.venv\Lib\site-packages\httpx\_transports\default.py", line 118, in map_httpcore_exceptions
    raise mapped_exc(message) from exc
httpx.ConnectError: [Errno 11001] getaddrinfo failed

The above exception was the direct cause of the following exception:

Traceback (most recent call last):
  File "C:\Users\COB\Documents\python project\Insight_AI\pages\chat.py", line 78, in <module>
    result = invoke_with_timeout(
        graph=graph,
    ...<2 lines>...
        timeout=REQUEST_TIMEOUT_SECONDS
    )
  File "C:\Users\COB\Documents\python project\Insight_AI\pages\chat.py", line 62, in invoke_with_timeout
    return future.result(timeout=timeout)
           ~~~~~~~~~~~~~^^^^^^^^^^^^^^^^^
  File "C:\Users\COB\AppData\Local\Programs\Python\Python313\Lib\concurrent\futures\_base.py", line 456, in result
    return self.__get_result()
           ~~~~~~~~~~~~~~~~~^^
  File "C:\Users\COB\AppData\Local\Programs\Python\Python313\Lib\concurrent\futures\_base.py", line 401, in __get_result
    raise self._exception
  File "C:\Users\COB\AppData\Local\Programs\Python\Python313\Lib\concurrent\futures\thread.py", line 59, in run
    result = self.fn(*self.args, **self.kwargs)
  File "c:\Users\COB\Documents\python project\.venv\Lib\site-packages\langgraph\pregel\main.py", line 3071, in invoke
    for chunk in self.stream(
                 ~~~~~~~~~~~^
        input,
        ^^^^^^
    ...<10 lines>...
        **kwargs,
        ^^^^^^^^^
    ):
    ^
  File "c:\Users\COB\Documents\python project\.venv\Lib\site-packages\langgraph\pregel\main.py", line 2646, in stream
    for _ in runner.tick(
             ~~~~~~~~~~~^
        [t for t in loop.tasks.values() if not t.writes],
        ^^^^^^^^^^^^^^^^^^^^^^^^^^^^^^^^^^^^^^^^^^^^^^^^^
    ...<2 lines>...
        schedule_task=loop.accept_push,
        ^^^^^^^^^^^^^^^^^^^^^^^^^^^^^^^
    ):
    ^
  File "c:\Users\COB\Documents\python project\.venv\Lib\site-packages\langgraph\pregel\_runner.py", line 167, in tick
    run_with_retry(
    ~~~~~~~~~~~~~~^
        t,
        ^^
    ...<10 lines>...
        },
        ^^
    )
    ^
  File "c:\Users\COB\Documents\python project\.venv\Lib\site-packages\langgraph\pregel\_retry.py", line 42, in run_with_retry
    return task.proc.invoke(task.input, config)
           ~~~~~~~~~~~~~~~~^^^^^^^^^^^^^^^^^^^^
  File "c:\Users\COB\Documents\python project\.venv\Lib\site-packages\langgraph\_internal\_runnable.py", line 656, in invoke
    input = context.run(step.invoke, input, config, **kwargs)
  File "c:\Users\COB\Documents\python project\.venv\Lib\site-packages\langgraph\_internal\_runnable.py", line 400, in invoke
    ret = self.func(*args, **kwargs)
  File "C:\Users\COB\Documents\python project\Insight_AI\graph_model.py", line 35, in retrieve_documents
    docs = retriever.invoke(query)
  File "c:\Users\COB\Documents\python project\.venv\Lib\site-packages\langchain_core\retrievers.py", line 222, in invoke
    result = self._get_relevant_documents(
        input, run_manager=run_manager, **kwargs_
    )
  File "c:\Users\COB\Documents\python project\.venv\Lib\site-packages\langchain_core\vectorstores\base.py", line 1048, in _get_relevant_documents
    self.vectorstore.similarity_search_with_relevance_scores(
    ~~~~~~~~~~~~~~~~~~~~~~~~~~~~~~~~~~~~~~~~~~~~~~~~~~~~~~~~^
        query, **kwargs_
        ^^^^^^^^^^^^^^^^
    )
    ^
  File "c:\Users\COB\Documents\python project\.venv\Lib\site-packages\langchain_core\vectorstores\base.py", line 529, in similarity_search_with_relevance_scores
    docs_and_similarities = self._similarity_search_with_relevance_scores(
        query, k=k, **kwargs
    )
  File "c:\Users\COB\Documents\python project\.venv\Lib\site-packages\langchain_core\vectorstores\base.py", line 475, in _similarity_search_with_relevance_scores
    docs_and_scores = self.similarity_search_with_score(query, k, **kwargs)
  File "c:\Users\COB\Documents\python project\.venv\Lib\site-packages\langchain_pinecone\vectorstores.py", line 543, in similarity_search_with_score
    self._embedding.embed_query(query),
    ~~~~~~~~~~~~~~~~~~~~~~~~~~~^^^^^^^
  File "c:\Users\COB\Documents\python project\.venv\Lib\site-packages\langchain_google_genai\embeddings.py", line 490, in embed_query
    raise GoogleGenerativeAIError(msg) from e
langchain_google_genai._common.GoogleGenerativeAIError: Error embedding content: [Errno 11001] getaddrinfo failed
During task with name 'retrieve_documents' and id '78a2d4d4-a720-ea5a-d54e-edb03639571b'
2026-02-09 14:00:30,600 | WARNING | Retrying (JitterRetry(total=4, connect=None, read=None, redirect=None, status=None)) after connection broken by 'NameResolutionError("<urllib3.connection.HTTPSConnection object at 0x000002C4F6FCC050>: Failed to resolve 'langchain-test-index-6kcj9e1.svc.aped-4627-b74a.pinecone.io' ([Errno 11001] getaddrinfo failed)")': /query
2026-02-09 14:01:16,079 | ERROR | Thread ID: 996b1fa6-e891-4e47-8d7a-aac1d51887d5 | TIMEOUT | LLM request timed out
